{"level":"INFO","time":"2021-07-08T23:02:19.437+0800","caller":"controller/user.go:47","msg":"请求数据","username":"刘启超","password":"123456","re_password":"123456"}
{"level":"INFO","time":"2021-07-08T23:02:19.453+0800","caller":"logger/logger.go:74","msg":"/signup","status":200,"method":"POST","path":"/signup","query":"","ip":"::1","user-agent":"PostmanRuntime/7.28.1","errors":"","cost":0.016415389}
{"level":"INFO","time":"2021-07-08T23:02:48.078+0800","caller":"controller/user.go:47","msg":"请求数据","username":"刘启超","password":"123456","re_password":"123456"}
{"level":"INFO","time":"2021-07-08T23:02:48.091+0800","caller":"logger/logger.go:74","msg":"/signup","status":200,"method":"POST","path":"/signup","query":"","ip":"::1","user-agent":"PostmanRuntime/7.28.1","errors":"","cost":0.01326589}
{"level":"INFO","time":"2021-07-08T23:04:13.780+0800","caller":"controller/user.go:47","msg":"请求数据","username":"刘启超","password":"123456","re_password":"123456"}
{"level":"INFO","time":"2021-07-08T23:04:13.793+0800","caller":"logger/logger.go:74","msg":"/signup","status":200,"method":"POST","path":"/signup","query":"","ip":"::1","user-agent":"PostmanRuntime/7.28.1","errors":"","cost":0.013945418}
{"level":"INFO","time":"2021-07-08T23:05:35.825+0800","caller":"controller/user.go:47","msg":"请求数据","username":"刘启超","password":"123456","re_password":"123456"}
{"level":"INFO","time":"2021-07-08T23:05:35.842+0800","caller":"logger/logger.go:74","msg":"/signup","status":200,"method":"POST","path":"/signup","query":"","ip":"::1","user-agent":"PostmanRuntime/7.28.1","errors":"","cost":0.017039567}
{"level":"INFO","time":"2021-07-08T23:06:14.082+0800","caller":"controller/user.go:47","msg":"请求数据","username":"刘启超","password":"123456","re_password":"123456"}
{"level":"INFO","time":"2021-07-08T23:06:14.097+0800","caller":"logger/logger.go:74","msg":"/signup","status":200,"method":"POST","path":"/signup","query":"","ip":"::1","user-agent":"PostmanRuntime/7.28.1","errors":"","cost":0.01541018}
{"level":"INFO","time":"2021-07-08T23:06:50.384+0800","caller":"controller/user.go:47","msg":"请求数据","username":"刘启超","password":"123456","re_password":"123456"}
{"level":"INFO","time":"2021-07-08T23:06:50.397+0800","caller":"logger/logger.go:74","msg":"/signup","status":200,"method":"POST","path":"/signup","query":"","ip":"::1","user-agent":"PostmanRuntime/7.28.1","errors":"","cost":0.012666833}
{"level":"INFO","time":"2021-07-10T13:51:41.433+0800","caller":"logger/logger.go:74","msg":"/singup","status":200,"method":"POST","path":"/singup","query":"","ip":"::1","user-agent":"PostmanRuntime/7.28.1","errors":"","cost":0.000125647}
{"level":"ERROR","time":"2021-07-10T13:52:03.354+0800","caller":"controller/user.go:30","msg":"SignupHandler with validate params(ShouldBindJSON)","error":"Key: 'ParamSignup.re_password' Error:Field validation for 're_password' failed on the 'eqfield' tag"}
{"level":"INFO","time":"2021-07-10T13:52:03.355+0800","caller":"logger/logger.go:74","msg":"/signup","status":200,"method":"POST","path":"/signup","query":"","ip":"::1","user-agent":"PostmanRuntime/7.28.1","errors":"","cost":0.00189325}
{"level":"ERROR","time":"2021-07-10T13:52:13.641+0800","caller":"controller/user.go:30","msg":"SignupHandler with validate params(ShouldBindJSON)","error":"Key: 'ParamSignup.re_password' Error:Field validation for 're_password' failed on the 'eqfield' tag"}
{"level":"INFO","time":"2021-07-10T13:52:13.648+0800","caller":"logger/logger.go:74","msg":"/signup","status":200,"method":"POST","path":"/signup","query":"","ip":"::1","user-agent":"PostmanRuntime/7.28.1","errors":"","cost":0.007824676}
{"level":"ERROR","time":"2021-07-10T13:52:55.981+0800","caller":"controller/user.go:30","msg":"SignupHandler with validate params(ShouldBindJSON)","error":"Key: 'ParamSignup.re_password' Error:Field validation for 're_password' failed on the 'eqfield' tag"}
{"level":"INFO","time":"2021-07-10T13:52:55.982+0800","caller":"logger/logger.go:74","msg":"/signup","status":200,"method":"POST","path":"/signup","query":"","ip":"::1","user-agent":"PostmanRuntime/7.28.1","errors":"","cost":0.000992936}
{"level":"ERROR","time":"2021-07-10T14:40:32.906+0800","caller":"controller/user.go:86","msg":"logic.Login failed: ","error":"must pass a pointer, not a value, to StructScan destination"}
{"level":"INFO","time":"2021-07-10T14:40:32.909+0800","caller":"logger/logger.go:74","msg":"/login","status":200,"method":"POST","path":"/login","query":"","ip":"::1","user-agent":"PostmanRuntime/7.28.1","errors":"","cost":0.017267615}
{"level":"ERROR","time":"2021-07-10T14:51:10.523+0800","caller":"controller/user.go:86","msg":"logic.Login failed: ","error":"must pass a pointer, not a value, to StructScan destination"}
{"level":"INFO","time":"2021-07-10T14:51:10.524+0800","caller":"logger/logger.go:78","msg":"/login","status":200,"method":"POST","path":"/login","query":"","ip":"::1","user-agent":"PostmanRuntime/7.28.1","errors":"","cost":0.015261433}
{"level":"ERROR","time":"2021-07-10T14:51:43.482+0800","caller":"controller/user.go:86","msg":"logic.Login failed: ","error":"must pass a pointer, not a value, to StructScan destination"}
{"level":"INFO","time":"2021-07-10T14:51:43.482+0800","caller":"logger/logger.go:78","msg":"/login","status":200,"method":"POST","path":"/login","query":"","ip":"::1","user-agent":"PostmanRuntime/7.28.1","errors":"","cost":0.012056881}
{"level":"ERROR","time":"2021-07-10T14:54:45.391+0800","caller":"controller/user.go:70","msg":"LoginHandler with validate params(ShouldBindJSON)","error":"json: Unmarshal(non-pointer models.ParamLogin)"}
{"level":"INFO","time":"2021-07-10T14:54:45.394+0800","caller":"logger/logger.go:78","msg":"/login","status":200,"method":"POST","path":"/login","query":"","ip":"::1","user-agent":"PostmanRuntime/7.28.1","errors":"","cost":0.003247675}
{"level":"ERROR","time":"2021-07-10T14:55:43.433+0800","caller":"controller/user.go:86","msg":"logic.Login failed: ","error":"must pass a pointer, not a value, to StructScan destination"}
{"level":"INFO","time":"2021-07-10T14:55:43.434+0800","caller":"logger/logger.go:78","msg":"/login","status":200,"method":"POST","path":"/login","query":"","ip":"::1","user-agent":"PostmanRuntime/7.28.1","errors":"","cost":0.015127168}
{"level":"ERROR","time":"2021-07-10T14:56:42.606+0800","caller":"controller/user.go:86","msg":"logic.Login failed: ","error":"must pass a pointer, not a value, to StructScan destination"}
{"level":"INFO","time":"2021-07-10T14:56:42.606+0800","caller":"logger/logger.go:78","msg":"/login","status":200,"method":"POST","path":"/login","query":"","ip":"::1","user-agent":"PostmanRuntime/7.28.1","errors":"","cost":0.015863686}
{"level":"ERROR","time":"2021-07-10T14:58:02.596+0800","caller":"controller/user.go:86","msg":"logic.Login failed: ","error":"密码错误"}
{"level":"INFO","time":"2021-07-10T14:58:02.598+0800","caller":"logger/logger.go:78","msg":"/login","status":200,"method":"POST","path":"/login","query":"","ip":"::1","user-agent":"PostmanRuntime/7.28.1","errors":"","cost":0.015185211}
{"level":"INFO","time":"2021-07-10T14:59:19.367+0800","caller":"controller/user.go:47","msg":"请求数据","username":"马上","password":"123456","re_password":"123456"}
{"level":"INFO","time":"2021-07-10T14:59:19.404+0800","caller":"logger/logger.go:78","msg":"/signup","status":200,"method":"POST","path":"/signup","query":"","ip":"::1","user-agent":"PostmanRuntime/7.28.1","errors":"","cost":0.036510125}
{"level":"ERROR","time":"2021-07-10T14:59:37.231+0800","caller":"controller/user.go:86","msg":"logic.Login failed: ","error":"密码错误"}
{"level":"INFO","time":"2021-07-10T14:59:37.231+0800","caller":"logger/logger.go:78","msg":"/login","status":200,"method":"POST","path":"/login","query":"","ip":"::1","user-agent":"PostmanRuntime/7.28.1","errors":"","cost":0.01200499}
{"level":"INFO","time":"2021-07-10T15:00:18.066+0800","caller":"logger/logger.go:78","msg":"/login","status":200,"method":"POST","path":"/login","query":"","ip":"::1","user-agent":"PostmanRuntime/7.28.1","errors":"","cost":0.014516552}
{"level":"ERROR","time":"2021-07-10T15:03:29.760+0800","caller":"controller/user.go:86","msg":"logic.Login failed: ","username:":"马上","error":"must pass a pointer, not a value, to StructScan destination"}
{"level":"INFO","time":"2021-07-10T15:03:29.762+0800","caller":"logger/logger.go:78","msg":"/login","status":200,"method":"POST","path":"/login","query":"","ip":"::1","user-agent":"PostmanRuntime/7.28.1","errors":"","cost":0.015523201}
{"level":"ERROR","time":"2021-07-10T15:05:03.562+0800","caller":"controller/user.go:86","msg":"logic.Login failed: ","username:":"马上","error":"must pass a pointer, not a value, to StructScan destination"}
{"level":"INFO","time":"2021-07-10T15:05:03.563+0800","caller":"logger/logger.go:78","msg":"/login","status":200,"method":"POST","path":"/login","query":"","ip":"::1","user-agent":"PostmanRuntime/7.28.1","errors":"","cost":0.016044509}
{"level":"ERROR","time":"2021-07-10T15:06:16.158+0800","caller":"controller/user.go:86","msg":"logic.Login failed: ","username:":"马上","error":"must pass a pointer, not a value, to StructScan destination"}
{"level":"INFO","time":"2021-07-10T15:06:16.160+0800","caller":"logger/logger.go:78","msg":"/login","status":200,"method":"POST","path":"/login","query":"","ip":"::1","user-agent":"PostmanRuntime/7.28.1","errors":"","cost":0.015599451}
{"level":"INFO","time":"2021-07-10T15:06:42.220+0800","caller":"logger/logger.go:78","msg":"/login","status":200,"method":"POST","path":"/login","query":"","ip":"::1","user-agent":"PostmanRuntime/7.28.1","errors":"","cost":0.013811812}
{"level":"ERROR","time":"2021-07-10T15:12:05.876+0800","caller":"controller/user.go:86","msg":"logic.Login failed: ","username:":"马上","error":"must pass a pointer, not a value, to StructScan destination"}
{"level":"INFO","time":"2021-07-10T15:12:05.876+0800","caller":"logger/logger.go:78","msg":"/login","status":200,"method":"POST","path":"/login","query":"","ip":"::1","user-agent":"PostmanRuntime/7.28.1","errors":"","cost":0.013565597}
{"level":"INFO","time":"2021-07-10T15:12:24.506+0800","caller":"logger/logger.go:78","msg":"/login","status":200,"method":"POST","path":"/login","query":"","ip":"::1","user-agent":"PostmanRuntime/7.28.1","errors":"","cost":0.012461005}
{"level":"INFO","time":"2021-07-10T15:13:02.801+0800","caller":"logger/logger.go:78","msg":"/login","status":200,"method":"POST","path":"/login","query":"","ip":"::1","user-agent":"PostmanRuntime/7.28.1","errors":"","cost":0.014734374}
